[    0.000000] Initializing cgroup subsys cpuset
[    0.000000] Initializing cgroup subsys cpu
[   0.000000] Initializing cgroup subsys cpuacct
[    0.000000] Linux version 4.4.0-150-generic (buildd@lgw01-amd64-036) (gcc version 5.4.0 20160609 (Ubuntu 5.4.0-6ubuntu1~16.04.10) ) #176-Ubuntu SMP Wed May 29 18:56:26 UTC 2019 (Ubuntu 4.4.0-150.176-generic 4.4.179)
[    0.000000] Command line: BOOT_IMAGE=/boot/vmlinuz-4.4.0-150-generic root=LABEL=cloudimg-rootfs ro console=tty1 console=ttyS0
[    0.000000] KERNEL supported cpus:
[    0.000000]   Intel GenuineIntel
[    0.000000]   AMD AuthenticAMD
[    0.000000]   Centaur CentaurHauls
[    0.000000] x86/fpu: xstate_offset[2]:  576, xstate_sizes[2]:  256
[    0.000000] x86/fpu: Supporting XSAVE feature 0x01: 'x87 floating point registers'
[    0.000000] x86/fpu: Supporting XSAVE feature 0x02: 'SSE registers'
[    0.000000] x86/fpu: Supporting XSAVE feature 0x04: 'AVX registers'
[    0.000000] x86/fpu: Enabled xstate features 0x7, context size is 832 bytes, using 'standard' format.
[    0.000000] e820: BIOS-provided physical RAM map:
[    0.000000] BIOS-e820: [mem 0x0000000000000000-0x000000000009fbff] usable
[    0.000000] BIOS-e820: [mem 0x000000000009fc00-0x000000000009ffff] reserved
[    0.000000] BIOS-e820: [mem 0x00000000000f0000-0x00000000000fffff] reserved
[    0.000000] BIOS-e820: [mem 0x0000000000100000-0x000000005ffeffff] usable
[    0.000000] BIOS-e820: [mem 0x000000005fff0000-0x000000005fffffff] ACPI data
[    0.000000] BIOS-e820: [mem 0x00000000fec00000-0x00000000fec00fff] reserved
[    0.000000] BIOS-e820: [mem 0x00000000fee00000-0x00000000fee00fff] reserved
[    0.000000] BIOS-e820: [mem 0x00000000fffc0000-0x00000000ffffffff] reserved
[    0.000000] NX (Execute Disable) protection: active
[    0.000000] SMBIOS 2.5 present.
[    0.000000] e820: last_pfn = 0x5fff0 max_arch_pfn = 0x400000000
[    0.000000] MTRR: Disabled
[    0.000000] x86/PAT: MTRRs disabled, skipping PAT initialization too.
[    0.000000] CPU MTRRs all blank - virtualized system.
[    0.000000] x86/PAT: Configuration [0-7]: WB  WT  UC- UC  WB  WT  UC- UC  
[    0.000000] found SMP MP-table at [mem 0x0009fff0-0x0009ffff] mapped at [ffff88000009fff0]
[    0.000000] Scanning 1 areas for low memory corruption
[    0.000000] RAMDISK: [mem 0x362f8000-0x37173fff]
[    0.000000] ACPI: Early table checksum verification disabled
[    0.000000] ACPI: RSDP 0x00000000000E0000 000024 (v02 VBOX  )
[    0.000000] ACPI: XSDT 0x000000005FFF0030 00003C (v01 VBOX   VBOXXSDT 00000001 ASL  00000061)
[    0.000000] ACPI: FACP 0x000000005FFF00F0 0000F4 (v04 VBOX   VBOXFACP 00000001 ASL  00000061)
[    0.000000] ACPI: DSDT 0x000000005FFF0470 0022EA (v02 VBOX   VBOXBIOS 00000002 INTL 20100528)
[    0.000000] ACPI: FACS 0x000000005FFF0200 000040
[    0.000000] ACPI: FACS 0x000000005FFF0200 000040
[    0.000000] ACPI: APIC 0x000000005FFF0240 00005C (v02 VBOX   VBOXAPIC 00000001 ASL  00000061)
[    0.000000] ACPI: SSDT 0x000000005FFF02A0 0001CC (v01 VBOX   VBOXCPUT 00000002 INTL 20100528)
[    0.000000] No NUMA configuration found
[    0.000000] Faking a node at [mem 0x0000000000000000-0x000000005ffeffff]
[    0.000000] NODE_DATA(0) allocated [mem 0x5ffeb000-0x5ffeffff]
[    0.000000] Zone ranges:
[    0.000000]   DMA      [mem 0x0000000000001000-0x0000000000ffffff]
[    0.000000]   DMA32    [mem 0x0000000001000000-0x000000005ffeffff]
[    0.000000]   Normal   empty
[    0.000000]   Device   empty
[    0.000000] Movable zone start for each node
[    0.000000] Early memory node ranges
[    0.000000]   node   0: [mem 0x0000000000001000-0x000000000009efff]
[    0.000000]   node   0: [mem 0x0000000000100000-0x000000005ffeffff]
[    0.000000] Initmem setup node 0 [mem 0x0000000000001000-0x000000005ffeffff]
[    0.000000] ACPI: PM-Timer IO Port: 0x4008
[    0.000000] IOAPIC[0]: apic_id 2, version 32, address 0xfec00000, GSI 0-23
[    0.000000] ACPI: INT_SRC_OVR (bus 0 bus_irq 0 global_irq 2 dfl dfl)
[    0.000000] ACPI: INT_SRC_OVR (bus 0 bus_irq 9 global_irq 9 low level)
[    0.000000] Using ACPI (MADT) for SMP configuration information
[    0.000000] smpboot: Allowing 2 CPUs, 0 hotplug CPUs
[    0.000000] PM: Registered nosave memory: [mem 0x00000000-0x00000fff]
[    0.000000] PM: Registered nosave memory: [mem 0x0009f000-0x0009ffff]
[    0.000000] PM: Registered nosave memory: [mem 0x000a0000-0x000effff]
[    0.000000] PM: Registered nosave memory: [mem 0x000f0000-0x000fffff]
[    0.000000] e820: [mem 0x60000000-0xfebfffff] available for PCI devices
[    0.000000] Booting paravirtualized kernel on bare hardware
[    0.000000] clocksource: refined-jiffies: mask: 0xffffffff max_cycles: 0xffffffff, max_idle_ns: 7645519600211568 ns
[    0.000000] setup_percpu: NR_CPUS:512 nr_cpumask_bits:512 nr_cpu_ids:2 nr_node_ids:1
[    0.000000] PERCPU: Embedded 34 pages/cpu @ffff88005fc00000 s99480 r8192 d31592 u1048576
[    0.000000] Built 1 zonelists in Node order, mobility grouping on.  Total pages: 386936
[    0.000000] Policy zone: DMA32
[    0.000000] Kernel command line: BOOT_IMAGE=/boot/vmlinuz-4.4.0-150-generic root=LABEL=cloudimg-rootfs ro console=tty1 console=ttyS0
[    0.000000] PID hash table entries: 4096 (order: 3, 32768 bytes)
[    0.000000] Memory: 1513856K/1572408K available (8613K kernel code, 1335K rwdata, 4028K rodata, 1484K init, 1284K bss, 58552K reserved, 0K cma-reserved)
[    0.000000] SLUB: HWalign=64, Order=0-3, MinObjects=0, CPUs=2, Nodes=1
[    0.000000] Kernel/User page tables isolation: enabled
[    0.000000] Hierarchical RCU implementation.
[    0.000000] 	Build-time adjustment of leaf fanout to 64.
[    0.000000] 	RCU restricting CPUs from NR_CPUS=512 to nr_cpu_ids=2.
[    0.000000] RCU: Adjusting geometry for rcu_fanout_leaf=64, nr_cpu_ids=2
[    0.000000] NR_IRQS:33024 nr_irqs:440 16
[    0.000000] Console: colour VGA+ 80x25
[    0.000000] console [tty1] enabled
[    0.000000] console [ttyS0] enabled
[    0.000000] tsc: Fast TSC calibration failed
[    0.000000] tsc: Unable to calibrate against PIT
[    0.000000] tsc: using PMTIMER reference calibration
[    0.000000] tsc: Detected 2699.945 MHz processor
[    0.000096] Calibrating delay loop (skipped), value calculated using timer frequency.. 5399.89 BogoMIPS (lpj=10799780)
[    0.005594] pid_max: default: 32768 minimum: 301
[    0.007402] ACPI: Core revision 20150930
[    0.009570] ACPI: 2 ACPI AML tables successfully acquired and loaded
[    0.013355] Security Framework initialized
[    0.014777] Yama: becoming mindful.
[    0.016118] AppArmor: AppArmor initialized
[    0.018727] Dentry cache hash table entries: 262144 (order: 9, 2097152 bytes)
[    0.020940] Inode-cache hash table entries: 131072 (order: 8, 1048576 bytes)
[    0.024728] Mount-cache hash table entries: 4096 (order: 3, 32768 bytes)
[    0.026502] Mountpoint-cache hash table entries: 4096 (order: 3, 32768 bytes)
[    0.028722] Initializing cgroup subsys io
[    0.029873] Initializing cgroup subsys memory
[    0.031151] Initializing cgroup subsys devices
[    0.032394] Initializing cgroup subsys freezer
[    0.033981] Initializing cgroup subsys net_cls
[    0.035401] Initializing cgroup subsys perf_event
[    0.036661] Initializing cgroup subsys net_prio
[    0.037876] Initializing cgroup subsys hugetlb
[    0.039262] Initializing cgroup subsys pids
[    0.041442] mce: CPU supports 0 MCE banks
[    0.042770] Last level iTLB entries: 4KB 64, 2MB 8, 4MB 8
[    0.044510] Last level dTLB entries: 4KB 64, 2MB 0, 4MB 0, 1GB 4
[    0.045982] Spectre V2 : Mitigation: Full generic retpoline
[    0.048498] Spectre V2 : Spectre v2 / SpectreRSB mitigation: Filling RSB on context switch
[    0.051167] Speculative Store Bypass: Vulnerable
[    0.052591] MDS: Mitigation: Clear CPU buffers
[    0.056411] Freeing SMP alternatives memory: 36K
[    0.062042] ftrace: allocating 32298 entries in 127 pages
[    0.115836] smpboot: APIC(0) Converting physical 0 to logical package 0
[    0.117988] smpboot: Max logical packages: 1
[    0.119516] x2apic: IRQ remapping doesn't support X2APIC mode
[    0.122144] ..TIMER: vector=0x30 apic1=0 pin1=2 apic2=-1 pin2=-1
[    0.270634] smpboot: CPU0: Intel(R) Core(TM) i5-5257U CPU @ 2.70GHz (family: 0x6, model: 0x3d, stepping: 0x4)
[    0.274171] Performance Events: unsupported p6 CPU model 61 no PMU driver, software events only.
[    0.277465] NMI watchdog: disabled (cpu0): hardware events not enabled
[    0.279275] NMI watchdog: Shutting down hard lockup detector on all cpus
[    0.282694] x86: Booting SMP configuration:
[    0.283887] .... node  #0, CPUs:      #1
[    0.286097] mce: CPU supports 0 MCE banks
[    0.289113] x86: Booted up 1 node, 2 CPUs
[    0.290473] smpboot: Total of 2 processors activated (10799.78 BogoMIPS)
[    0.292930] devtmpfs: initialized
[    0.295194] evm: security.selinux
[    0.296200] evm: security.SMACK64
[    0.297107] evm: security.SMACK64EXEC
[    0.298169] evm: security.SMACK64TRANSMUTE
[    0.299473] evm: security.SMACK64MMAP
[    0.300565] evm: security.ima
[    0.301514] evm: security.capability
[    0.302829] clocksource: jiffies: mask: 0xffffffff max_cycles: 0xffffffff, max_idle_ns: 7645041785100000 ns
[    0.306096] futex hash table entries: 512 (order: 3, 32768 bytes)
[    0.308387] pinctrl core: initialized pinctrl subsystem
[    0.310539] RTC time:  1:20:27, date: 06/17/19
[    0.312747] NET: Registered protocol family 16
[    0.322781] cpuidle: using governor ladder
[    0.338929] cpuidle: using governor menu
[    0.341067] PCCT header not found.
[    0.342461] ACPI: bus type PCI registered
[    0.343882] acpiphp: ACPI Hot Plug PCI Controller Driver version: 0.5
[    0.346625] PCI: Using configuration type 1 for base access
[    0.360414] ACPI: Added _OSI(Module Device)
[    0.362434] ACPI: Added _OSI(Processor Device)
[    0.364046] ACPI: Added _OSI(3.0 _SCP Extensions)
[    0.365881] ACPI: Added _OSI(Processor Aggregator Device)
[    0.369251] ACPI: Executed 1 blocks of module-level executable AML code
[    0.374239] ACPI: Interpreter enabled
[    0.375505] ACPI: (supports S0 S5)
[    0.376797] ACPI: Using IOAPIC for interrupt routing
[    0.378733] PCI: Using host bridge windows from ACPI; if necessary, use "pci=nocrs" and report a bug
[    0.386571] ACPI: PCI Root Bridge [PCI0] (domain 0000 [bus 00-ff])
[    0.388542] acpi PNP0A03:00: _OSC: OS supports [ASPM ClockPM Segments MSI]
[    0.392090] acpi PNP0A03:00: _OSC: not requesting OS control; OS requires [ExtendedConfig ASPM ClockPM MSI]
[    0.395087] acpi PNP0A03:00: fail to add MMCONFIG information, can't access extended PCI configuration space under this bridge.
[    0.398609] PCI host bridge to bus 0000:00
[    0.400100] pci_bus 0000:00: root bus resource [io  0x0000-0x0cf7 window]
[    0.402301] pci_bus 0000:00: root bus resource [io  0x0d00-0xffff window]
[    0.404556] pci_bus 0000:00: root bus resource [mem 0x000a0000-0x000bffff window]
[    0.406875] pci_bus 0000:00: root bus resource [mem 0x60000000-0xfdffffff window]
[    0.408920] pci_bus 0000:00: root bus resource [bus 00-ff]
[    0.414054] pci 0000:00:01.1: legacy IDE quirk: reg 0x10: [io  0x01f0-0x01f7]
[    0.416005] pci 0000:00:01.1: legacy IDE quirk: reg 0x14: [io  0x03f6]
[    0.417677] pci 0000:00:01.1: legacy IDE quirk: reg 0x18: [io  0x0170-0x0177]
[    0.419473] pci 0000:00:01.1: legacy IDE quirk: reg 0x1c: [io  0x0376]
[    0.451013] pci 0000:00:07.0: quirk: [io  0x4000-0x403f] claimed by PIIX4 ACPI
[    0.453146] pci 0000:00:07.0: quirk: [io  0x4100-0x410f] claimed by PIIX4 SMB
[    0.465663] ACPI: PCI Interrupt Link [LNKA] (IRQs 5 9 10 *11)
[    0.467837] ACPI: PCI Interrupt Link [LNKB] (IRQs 5 9 *10 11)
[    0.477978] ACPI: PCI Interrupt Link [LNKC] (IRQs 5 *9 10 11)
[    0.480040] ACPI: PCI Interrupt Link [LNKD] (IRQs 5 9 10 *11)
[    0.481998] ACPI: Enabled 2 GPEs in block 00 to 07
[    0.483811] vgaarb: setting as boot device: PCI:0000:00:02.0
[    0.485166] vgaarb: device added: PCI:0000:00:02.0,decodes=io+mem,owns=io+mem,locks=none
[    0.488383] vgaarb: loaded
[    0.489167] vgaarb: bridge control possible 0000:00:02.0
[    0.490954] SCSI subsystem initialized
[    0.492311] ACPI: bus type USB registered
[    0.493715] usbcore: registered new interface driver usbfs
[    0.495342] usbcore: registered new interface driver hub
[    0.497298] usbcore: registered new device driver usb
[    0.499989] PCI: Using ACPI for IRQ routing
[    0.502674] NetLabel: Initializing
[    0.503773] NetLabel:  domain hash size = 128
[    0.505172] NetLabel:  protocols = UNLABELED CIPSOv4
[    0.507028] NetLabel:  unlabeled traffic allowed by default
[    0.508951] amd_nb: Cannot enumerate AMD northbridges
[    0.510675] clocksource: Switched to clocksource refined-jiffies
[    0.523596] AppArmor: AppArmor Filesystem Enabled
[    0.525892] pnp: PnP ACPI init
[    0.528436] pnp: PnP ACPI: found 3 devices
[    0.546127] clocksource: acpi_pm: mask: 0xffffff max_cycles: 0xffffff, max_idle_ns: 2085701024 ns
[    0.549023] clocksource: Switched to clocksource acpi_pm
[    0.550621] NET: Registered protocol family 2
[    0.552886] TCP established hash table entries: 16384 (order: 5, 131072 bytes)
[    0.555295] TCP bind hash table entries: 16384 (order: 6, 262144 bytes)
[    0.557099] TCP: Hash tables configured (established 16384 bind 16384)
[    0.558755] UDP hash table entries: 1024 (order: 3, 32768 bytes)
[    0.560296] UDP-Lite hash table entries: 1024 (order: 3, 32768 bytes)
[    0.562282] NET: Registered protocol family 1
[    0.563481] pci 0000:00:00.0: Limiting direct PCI/PCI transfers
[    0.565067] pci 0000:00:01.0: Activating ISA DMA hang workarounds
[    0.566823] Unpacking initramfs...
[    0.800498] Freeing initrd memory: 14832K
[    0.802402] RAPL PMU detected, API unit is 2^-32 Joules, 4 fixed counters 10737418240 ms ovfl timer
[    0.805022] hw unit of domain pp0-core 2^-0 Joules
[    0.807393] hw unit of domain package 2^-0 Joules
[    0.808759] hw unit of domain dram 2^-0 Joules
[    0.810110] hw unit of domain pp1-gpu 2^-0 Joules
[    0.811588] platform rtc_cmos: registered platform RTC device (no PNP device found)
[    0.814331] Scanning for low memory corruption every 60 seconds
[    0.817128] audit: initializing netlink subsys (disabled)
[    0.820139] audit: type=2000 audit(1560734427.691:1): initialized
[    0.823048] Initialise system trusted keyring
[    0.826206] HugeTLB registered 2 MB page size, pre-allocated 0 pages
[    0.830810] zbud: loaded
[    0.832375] VFS: Disk quotas dquot_6.6.0
[    0.834453] VFS: Dquot-cache hash table entries: 512 (order 0, 4096 bytes)
[    0.838791] squashfs: version 4.0 (2009/01/31) Phillip Lougher
[    0.840854] fuse init (API version 7.23)
[    0.842788] Key type big_key registered
[    0.844398] Allocating IMA MOK and blacklist keyrings.
[    0.852295] Key type asymmetric registered
[    0.853777] Asymmetric key parser 'x509' registered
[    0.855263] Block layer SCSI generic (bsg) driver version 0.4 loaded (major 249)
[    0.857179] io scheduler noop registered
[    0.858274] io scheduler deadline registered (default)
[    0.859912] io scheduler cfq registered
[    0.861372] pci_hotplug: PCI Hot Plug PCI Core version: 0.5
[    0.863026] pciehp: PCI Express Hot Plug Controller Driver version: 0.4
[    0.865149] ACPI: AC Adapter [AC] (on-line)
[    0.866377] input: Power Button as /devices/LNXSYSTM:00/LNXPWRBN:00/input/input0
[    0.868412] ACPI: Power Button [PWRF]
[    0.869602] input: Sleep Button as /devices/LNXSYSTM:00/LNXSLPBN:00/input/input1
[    0.871775] ACPI: Sleep Button [SLPF]
[    0.874311] ACPI: Battery Slot [BAT0] (battery present)
[    0.875839] GHES: HEST is not enabled!
[    0.877116] Serial: 8250/16550 driver, 32 ports, IRQ sharing enabled
[    0.899855] 00:02: ttyS0 at I/O 0x3f8 (irq = 4, base_baud = 115200) is a 16550A
[    0.903498] Linux agpgart interface v0.103
[    0.909661] loop: module loaded
[    0.911294] scsi host0: ata_piix
[    0.912726] scsi host1: ata_piix
[    0.913882] ata1: PATA max UDMA/33 cmd 0x1f0 ctl 0x3f6 bmdma 0xd000 irq 14
[    0.915645] ata2: PATA max UDMA/33 cmd 0x170 ctl 0x376 bmdma 0xd008 irq 15
[    0.917639] libphy: Fixed MDIO Bus: probed
[    0.919048] tun: Universal TUN/TAP device driver, 1.6
[    0.920378] tun: (C) 1999-2004 Max Krasnyansky <maxk@qualcomm.com>
[    0.922092] PPP generic driver version 2.4.2
[    0.923343] ehci_hcd: USB 2.0 'Enhanced' Host Controller (EHCI) Driver
[    0.925024] ehci-pci: EHCI PCI platform driver
[    0.926407] ehci-platform: EHCI generic platform driver
[    0.927792] ohci_hcd: USB 1.1 'Open' Host Controller (OHCI) Driver
[    0.929619] ohci-pci: OHCI PCI platform driver
[    0.930870] ohci-platform: OHCI generic platform driver
[    0.932292] uhci_hcd: USB Universal Host Controller Interface driver
[    0.934529] i8042: PNP: PS/2 Controller [PNP0303:PS2K,PNP0f03:PS2M] at 0x60,0x64 irq 1,12
[    0.937403] serio: i8042 KBD port at 0x60,0x64 irq 1
[    0.938757] serio: i8042 AUX port at 0x60,0x64 irq 12
[    0.940242] mousedev: PS/2 mouse device common for all mice
[    0.942158] input: AT Translated Set 2 keyboard as /devices/platform/i8042/serio0/input/input2
[    0.945418] rtc_cmos rtc_cmos: rtc core: registered rtc_cmos as rtc0
[    0.947108] rtc_cmos rtc_cmos: alarms up to one day, 114 bytes nvram
[    0.948730] i2c /dev entries driver
[    0.949841] device-mapper: uevent: version 1.0.3
[    0.951157] device-mapper: ioctl: 4.34.0-ioctl (2015-10-28) initialised: dm-devel@redhat.com
[    0.953532] ledtrig-cpu: registered to indicate activity on CPUs
[    0.955800] NET: Registered protocol family 10
[    0.957477] NET: Registered protocol family 17
[    0.958722] Key type dns_resolver registered
[    0.960153] registered taskstats version 1
[    0.961756] Loading compiled-in X.509 certificates
[    0.963929] Loaded X.509 cert 'Build time autogenerated kernel key: a7915d3ef14e82ec7978a6e44664328aa121e7a5'
[    0.966890] zswap: loaded using pool lzo/zbud
[    0.971555] Key type trusted registered
[    0.978434] Key type encrypted registered
[    0.980352] AppArmor: AppArmor sha1 policy hashing enabled
[    0.982480] ima: No TPM chip found, activating TPM-bypass!
[    0.984653] ima: Allocated hash algorithm: sha1
[    0.986649] evm: HMAC attrs: 0x1
[    0.988307]   Magic number: 7:650:306
[    0.989500] tty tty35: hash matches
[    0.990691] rtc_cmos rtc_cmos: setting system clock to 2019-06-17 01:20:28 UTC (1560734428)
[    0.993635] BIOS EDD facility v0.16 2004-Jun-25, 0 devices found
[    0.995979] EDD information not available.
[    1.075939] Freeing unused kernel memory: 1484K
[    1.078143] Write protecting the kernel read-only data: 14336k
[    1.082050] Freeing unused kernel memory: 1616K
[    1.084576] Freeing unused kernel memory: 68K
Loading, please wait...
starting version 229
[    1.107269] random: systemd-udevd: uninitialized urandom read (16 bytes read, 5 bits of entropy available)
[    1.107984] random: udevadm: uninitialized urandom read (16 bytes read, 5 bits of entropy available)
[    1.108004] random: udevadm: uninitialized urandom read (16 bytes read, 5 bits of entropy available)
[    1.119938] random: systemd-udevd: uninitialized urandom read (16 bytes read, 5 bits of entropy available)
[    1.120542] random: udevadm: uninitialized urandom read (16 bytes read, 5 bits of entropy available)
[    1.120589] random: udevadm: uninitialized urandom read (16 bytes read, 5 bits of entropy available)
[    1.120716] random: udevadm: uninitialized urandom read (16 bytes read, 5 bits of entropy available)
[    1.120942] random: udevadm: uninitialized urandom read (16 bytes read, 5 bits of entropy available)
[    1.121163] random: udevadm: uninitialized urandom read (16 bytes read, 5 bits of entropy available)
[    1.121321] random: udevadm: uninitialized urandom read (16 bytes read, 5 bits of entropy available)
[    1.177900] Fusion MPT base driver 3.04.20
[    1.179548] Copyright (c) 1999-2008 LSI Corporation
[    1.181529] e1000: Intel(R) PRO/1000 Network Driver - version 7.3.21-k8-NAPI
[    1.183405] e1000: Copyright (c) 1999-2006 Intel Corporation.
[    1.212408] AVX2 version of gcm_enc/dec engaged.
[    1.213788] AES CTR mode by8 optimization enabled
[    1.226604] Fusion MPT SPI Host driver 3.04.20
[    1.394490] input: ImExPS/2 Generic Explorer Mouse as /devices/platform/i8042/serio1/input/input4
[    1.635125] e1000 0000:00:03.0 eth0: (PCI:33MHz:32-bit) 02:bc:a8:42:42:bc
[    1.637105] e1000 0000:00:03.0 eth0: Intel(R) PRO/1000 Network Connection
[    1.640416] mptbase: ioc0: Initiating bringup
[    1.641210] e1000 0000:00:03.0 enp0s3: renamed from eth0
[    1.705603] ioc0: LSI53C1030 A0: Capabilities={Initiator}
[    1.809212] tsc: Refined TSC clocksource calibration: 2700.003 MHz
[    1.811807] clocksource: tsc: mask: 0xffffffffffffffff max_cycles: 0x26eb41321dc, max_idle_ns: 440795269625 ns
[    1.874555] scsi host2: ioc0: LSI53C1030 A0, FwRev=00000000h, Ports=1, MaxQ=256, IRQ=20
[    1.991803] scsi 2:0:0:0: Direct-Access     VBOX     HARDDISK         1.0  PQ: 0 ANSI: 5
[    1.994680] scsi target2:0:0: Beginning Domain Validation
[    1.998843] scsi target2:0:0: Domain Validation skipping write tests
[    2.000463] scsi target2:0:0: Ending Domain Validation
[    2.002067] scsi target2:0:0: asynchronous
[    2.004306] scsi 2:0:1:0: Direct-Access     VBOX     HARDDISK         1.0  PQ: 0 ANSI: 5
[    2.015926] scsi target2:0:1: Beginning Domain Validation
[    2.020531] scsi target2:0:1: Domain Validation skipping write tests
[    2.022222] scsi target2:0:1: Ending Domain Validation
[    2.024150] scsi target2:0:1: asynchronous
[    2.033888] sd 2:0:0:0: [sda] 20971520 512-byte logical blocks: (10.7 GB/10.0 GiB)
[    2.034086] sd 2:0:0:0: Attached scsi generic sg0 type 0
[    2.034634] sd 2:0:1:0: Attached scsi generic sg1 type 0
[    2.039369] sd 2:0:1:0: [sdb] 20480 512-byte logical blocks: (10.5 MB/10.0 MiB)
[    2.039562] sd 2:0:0:0: [sda] Write Protect is off
[    2.039712] sd 2:0:0:0: [sda] Incomplete mode parameter data
[    2.039716] sd 2:0:0:0: [sda] Assuming drive cache: write through
[    2.047217] sd 2:0:1:0: [sdb] Write Protect is off
[    2.047563]  sda: sda1
[    2.049969] sd 2:0:1:0: [sdb] Incomplete mode parameter data
[    2.050082] sd 2:0:0:0: [sda] Attached SCSI disk
[    2.052741] sd 2:0:1:0: [sdb] Assuming drive cache: write through
[    2.058267] sd 2:0:1:0: [sdb] Attached SCSI disk
[    2.813667] clocksource: Switched to clocksource tsc
Begin: Loading essential drivers ... [    3.434140] md: linear personality registered for level -1
[    3.440955] md: multipath personality registered for level -4
[    3.447502] md: raid0 personality registered for level 0
[    3.452460] md: raid1 personality registered for level 1
[    3.525945] raid6: sse2x1   gen()  9087 MB/s
[    3.593158] raid6: sse2x1   xor()  7140 MB/s
[    3.661892] raid6: sse2x2   gen() 11341 MB/s
[    3.729174] raid6: sse2x2   xor()  7799 MB/s
[    3.797189] raid6: sse2x4   gen() 13423 MB/s
[    3.865228] raid6: sse2x4   xor()  8478 MB/s
[    3.933169] raid6: avx2x1   gen() 18142 MB/s
[    4.001161] raid6: avx2x2   gen() 20931 MB/s
[    4.069188] raid6: avx2x4   gen() 24326 MB/s
[    4.070441] raid6: using algorithm avx2x4 gen() 24326 MB/s
[    4.071895] raid6: using avx2x2 recovery algorithm
[    4.074965] xor: automatically using best checksumming function:
[    4.114160]    avx       : 36932.000 MB/sec
[    4.117428] async_tx: api initialized (async)
[    4.128302] md: raid6 personality registered for level 6
[    4.130084] md: raid5 personality registered for level 5
[    4.131685] md: raid4 personality registered for level 4
[    4.140061] md: raid10 personality registered for level 10
done.
Begin: Running /scripts/init-premount ... done.
Begin: Mounting root file system ... Begin: Running /scripts/local-top ... done.
Begin: Running /scripts/local-premount ... [    4.175395] Btrfs loaded
Scanning for Btrfs filesystems
done.
Warning: fsck not present, so skipping root file system
[    4.212021] EXT4-fs (sda1): INFO: recovery required on readonly filesystem
[    4.214380] EXT4-fs (sda1): write access will be enabled during recovery
[    4.386099] EXT4-fs (sda1): orphan cleanup on readonly fs
[    4.388385] EXT4-fs (sda1): 7 orphan inodes deleted
[    4.389886] EXT4-fs (sda1): recovery complete
[    4.392180] EXT4-fs (sda1): mounted filesystem with ordered data mode. Opts: (null)
done.
Begin: Running /scripts/local-bottom ... done.
Begin: Running /scripts/init-bottom ... done.
[    4.495111] systemd[1]: systemd 229 running in system mode. (+PAM +AUDIT +SELINUX +IMA +APPARMOR +SMACK +SYSVINIT +UTMP +LIBCRYPTSETUP +GCRYPT +GNUTLS +ACL +XZ -LZ4 +SECCOMP +BLKID +ELFUTILS +KMOD -IDN)
[    4.500088] systemd[1]: Detected virtualization oracle.
[    4.501785] systemd[1]: Detected architecture x86-64.

Welcome to [1mUbuntu 16.04.6 LTS[0m!

[    4.506244] systemd[1]: Set hostname to <ubuntu-xenial>.
[    4.724550] systemd[1]: Listening on Journal Socket.
[[0;32m  OK  [0m] Listening on Journal Socket.
[    4.728573] systemd[1]: Listening on Journal Socket (/dev/log).
[[0;32m  OK  [0m] Listening on Journal Socket (/dev/log).
[    4.732177] systemd[1]: Listening on LVM2 metadata daemon socket.
[[0;32m  OK  [0m] Listening on LVM2 metadata daemon socket.
[    4.737034] systemd[1]: Reached target System Time Synchronized.
[[0;32m  OK  [0m] Reached target System Time Synchronized.
[    4.740210] systemd[1]: Set up automount Arbitrary Executable File Formats File System Automount Point.
[[0;32m  OK  [0m] Set up automount Arbitrary Executab...ats File System Automount Point.
[    4.744951] systemd[1]: Listening on Device-mapper event daemon FIFOs.
[[0;32m  OK  [0m] Listening on Device-mapper event daemon FIFOs.
[    4.749280] systemd[1]: Listening on /dev/initctl Compatibility Named Pipe.
[[0;32m  OK  [0m] Listening on /dev/initctl Compatibility Named Pipe.
[    4.753019] systemd[1]: Listening on Syslog Socket.
[[0;32m  OK  [0m] Listening on Syslog Socket.
[    4.756031] systemd[1]: Listening on udev Control Socket.
[[0;32m  OK  [0m] Listening on udev Control Socket.
[    4.759520] systemd[1]: Listening on LVM2 poll daemon socket.
[[0;32m  OK  [0m] Listening on LVM2 poll daemon socket.
[    4.762777] systemd[1]: Reached target User and Group Name Lookups.
[[0;32m  OK  [0m] Reached target User and Group Name Lookups.
[    4.766757] systemd[1]: Listening on Journal Audit Socket.
[[0;32m  OK  [0m] Listening on Journal Audit Socket.
[    4.769784] systemd[1]: Started Forward Password Requests to Wall Directory Watch.
[[0;32m  OK  [0m] Started Forward Password Requests to Wall Directory Watch.
[    4.774887] systemd[1]: Reached target Swap.
[[0;32m  OK  [0m] Reached target Swap.
[    4.778611] systemd[1]: Created slice User and Session Slice.
[[0;32m  OK  [0m] Created slice User and Session Slice.
[    4.783116] systemd[1]: Created slice System Slice.
[[0;32m  OK  [0m] Created slice System Slice.
[    4.805476] systemd[1]: Starting Uncomplicated firewall...
         Starting Uncomplicated firewall...
[    4.813577] systemd[1]: Mounting Debug File System...
         Mounting Debug File System...
[    4.820494] systemd[1]: Starting Monitoring of LVM2 mirrors, snapshots etc. using dmeventd or progress polling...
         Starting Monitoring of LVM2 mirrors... dmeventd or progress polling...
[    4.828581] systemd[1]: Reached target Slices.
[[0;32m  OK  [0m] Reached target Slices.
[    4.837307] systemd[1]: Mounting POSIX Message Queue File System...
         Mounting POSIX Message Queue File System...
[    4.861424] systemd[1]: Starting Load Kernel Modules...
         Starting Load Kernel Modules...
[    4.866968] systemd[1]: Starting Create list of required static device nodes for the current kernel...
         Starting Create list of required st... nodes for the current kernel...
[    4.884998] systemd[1]: Mounting Huge Pages File System...
         Mounting Huge Pa[    4.889329] Loading iSCSI transport class v2.0-870.
ges File System...
[    4.892060] systemd[1]: Starting Remount Root and Kernel File Systems...
         Starting Remount Root and Kernel File Systems...
[    4.904488] systemd[1]: Starting Journal Service...
[    4.907206] EXT4-fs (sda1): re-mounted. Opts: (null)
         Starting Journal Service...
[    4.914876] systemd[1]: Starting Set console keymap...
         Starting Set console keymap...
[    4.920420] systemd[1]: Reached target Encrypted Volumes.
[    4.924430] iscsi: registered transport (tcp)
[[0;32m  OK  [0m] Reached target Encrypted Volumes.
[    4.931840] systemd[1]: Started Trigger resolvconf update for networkd DNS.
[[0;32m  OK  [0m] Started Trigger resolvconf update for networkd DNS.
[    4.938387] systemd[1]: Listening on udev Kernel Socket.
[[0;32m  OK  [0m] Listening on udev Kernel Socket.
[    4.969457] systemd[1]: Starting Nameserver information manager...
         Starting Nameserver information [    4.974755] iscsi: registered transport (iser)
manager...
[    4.978021] systemd[1]: Created slice system-serial\x2dgetty.slice.
[[0;32m  OK  [0m] Created slice system-serial\x2dgetty.slice.
[    4.985077] systemd[1]: Mounted POSIX Message Queue File System.
[[0;32m  OK  [0m] Mounted POSIX Message Queue File System.
[    4.989552] systemd[1]: Mounted Huge Pages File System.
[[0;32m  OK  [0m] Mounted Huge Pages File System.
[    4.992839] systemd[1]: Mounted Debug File System.
[[0;32m  OK  [0m] Mounted Debug File System.
[    5.001609] systemd[1]: Started Journal Service.
[[0;32m  OK  [0m] Started Journal Service.
[[0;32m  OK  [0m] Started Uncomplicated firewall.
[[0;32m  OK  [0m] Started Load Kernel Modules.
[[0;32m  OK  [0m] Started Create list of required sta...ce nodes for the current kernel.
[[0;32m  OK  [0m] Started Remount Root and Kernel File Systems.
[[0;32m  OK  [0m] Started Set console keymap.
[    5.027008] random: nonblocking pool is initialized
[[0;32m  OK  [0m] Started Nameserver information manager.
[[0;32m  OK  [0m] Started LVM2 metadata daemon.
         Starting udev Coldplug all Devices...
         Starting Load/Save Random Seed...
         Starting Create Static Device Nodes in /dev...
         Mounting FUSE Control File System...
         Starting Apply Kernel Variables...
         Starting Flush Journal to Persistent Storage...
[[0;32m  OK  [0m] Mounted FUSE Control File System.
[[0;32m  OK  [0m] Started Load/Save Random Seed.
[[0;32m  OK  [0m] Started Apply Kernel Variables.
[[0;32m  OK  [0m] Started Create Static Device Nodes in /dev.
[[0;32m  OK  [0m] Started udev Coldplug all Devices.
[[0;32m  OK  [0m] Started Flush Journal to Persistent Storage.
         Starting udev Kernel Device Manager...
[[0;32m  OK  [0m] Started udev Kernel Device Manager.
[[0;32m  OK  [0m] Started Dispatch Password Requests to Console Directory Watch.
[[0;32m  OK  [0m] Started Monitoring of LVM2 mirrors,...ng dmeventd or progress polling.
[[0;32m  OK  [0m] Reached target Local File Systems (Pre).
[[0;32m  OK  [0m] Reached target Local File Systems.
         Starting Initial cloud-init job (pre-networking)...
         Starting LSB: AppArmor initialization...
         Starting Create Volatile Files and Directories...
         Starting Tell Plymouth To Write Out Runtime Data...
         Starting Set console font and keymap...
[[0;32m  OK  [0m] Started Create Volatile Files and Directories.
[[0;32m  OK  [0m] Started Tell Plymouth To Write Out Runtime Data.
         Starting Update UTMP about System Boot/Shutdown...
[[0;32m  OK  [0m] Started Update UTMP about System Boot/Shutdown.
[[0;32m  OK  [0m] Found device /dev/ttyS0.
[[0;32m  OK  [0m] Started LSB: AppArmor initialization.
[[0;32m  OK  [0m] Listening on Load/Save RF Kill Switch Status /dev/rfkill Watch.
[[0;32m  OK  [0m] Found device 82540EM Gigabit Ethern...r (PRO/1000 MT Desktop Adapter).
[[0;32m  OK  [0m] Started Set console font and keymap.
[[0;32m  OK  [0m] Created slice system-getty.slice.
[    6.708789] cloud-init[478]: Cloud-init v. 19.1-1-gbaa47854-0ubuntu1~16.04.1 running 'init-local' at Mon, 17 Jun 2019 01:20:34 +0000. Up 6.38 seconds.
[[0;32m  OK  [0m] Started Initial cloud-init job (pre-networking).
[[0;32m  OK  [0m] Reached target Network (Pre).
         Starting Raise network interfaces...
[[0;32m  OK  [0m] Started ifup for enp0s3.
[[0;32m  OK  [0m] Started Raise network interfaces.
[[0;32m  OK  [0m] Reached target Network.
         Starting Initial cloud-init job (metadata service crawler)...
[    7.623285] cloud-init[979]: Cloud-init v. 19.1-1-gbaa47854-0ubuntu1~16.04.1 running 'init' at Mon, 17 Jun 2019 01:20:34 +0000. Up 7.36 seconds.
[    7.627832] cloud-init[979]: ci-info: ++++++++++++++++++++++++++++++++++++++Net device info++++++++++++++++++++++++++++++++++++++
[    7.631654] cloud-init[979]: ci-info: +--------+------+----------------------------+---------------+--------+-------------------+
[    7.635473] cloud-init[979]: ci-info: | Device |  Up  |          Address           |      Mask     | Scope  |     Hw-Address    |
[    7.639141] cloud-init[979]: ci-info: +--------+------+----------------------------+---------------+--------+-------------------+
[    7.642945] cloud-init[979]: ci-info: | enp0s3 | True |         10.0.2.15          | 255.255.255.0 | global | 02:bc:a8:42:42:bc |
[    7.647246] cloud-init[979]: ci-info: | enp0s3 | True | fe80::bc:a8ff:fe42:42bc/64 |       .       |  link  | 02:bc:a8:42:42:bc |
[    7.651989] cloud-init[979]: ci-info: |   lo   | True |         127.0.0.1          |   255.0.0.0   |  host  |         .         |
[    7.660749] cloud-init[979]: ci-info: |   lo   | True |          ::1/128           |       .       |  host  |         .         |
[    7.664898] cloud-init[979]: ci-info: +--------+------+----------------------------+---------------+--------+-------------------+
[    7.669586] cloud-init[979]: ci-info: +++++++++++++++++++++++++++Route IPv4 info++++++++++++++++++++++++++++
[    7.673325] cloud-init[979]: ci-info: +-------+-------------+----------+---------------+-----------+-------+
[    7.677258] cloud-init[979]: ci-info: | Route | Destination | Gateway  |    Genmask    | Interface | Flags |
[    7.681231] cloud-init[979]: ci-info: +-------+-------------+----------+---------------+-----------+-------+
[    7.685131] cloud-init[979]: ci-info: |   0   |   0.0.0.0   | 10.0.2.2 |    0.0.0.0    |   enp0s3  |   UG  |
[    7.688531] cloud-init[979]: ci-info: |   1   |   10.0.2.0  | 0.0.0.0  | 255.255.255.0 |   enp0s3  |   U   |
[    7.691166] cloud-init[979]: ci-info: +-------+-------------+----------+---------------+-----------+-------+
[    7.694355] cloud-init[979]: ci-info: +++++++++++++++++++Route IPv6 info+++++++++++++++++++
[    7.697073] cloud-init[979]: ci-info: +-------+-------------+---------+-----------+-------+
[    7.704537] cloud-init[979]: ci-info: | Route | Destination | Gateway | Interface | Flags |
[    7.707284] cloud-init[979]: ci-info: +-------+-------------+---------+-----------+-------+
[    7.710223] cloud-init[979]: ci-info: |   0   |  fe80::/64  |    ::   |   enp0s3  |   U   |
[    7.712432] cloud-init[979]: ci-info: |   3   |   ff00::/8  |    ::   |   enp0s3  |   U   |
[    7.714634] cloud-init[979]: ci-info: +-------+-------------+---------+-----------+-------+
[[0;32m  OK  [0m] Started Initial cloud-init job (metadata service crawler).
[[0;32m  OK  [0m] Reached target Network is Online.
         Starting iSCSI initiator daemon (iscsid)...
[[0;32m  OK  [0m] Reached target Cloud-config availability.
[[0;32m  OK  [0m] Reached target System Initialization.
[[0;32m  OK  [0m] Listening on ACPID Listen Socket.
[[0;32m  OK  [0m] Started Daily Cleanup of Temporary Directories.
         Starting Socket activation for snappy daemon.
[[0;32m  OK  [0m] Listening on UUID daemon activation socket.
[[0;32m  OK  [0m] Started ACPI Events Check.
[[0;32m  OK  [0m] Reached target Paths.
[[0;32m  OK  [0m] Started Daily apt download activities.
[[0;32m  OK  [0m] Started Daily apt upgrade and clean activities.
[[0;32m  OK  [0m] Reached target Timers.
[[0;32m  OK  [0m] Listening on D-Bus System Message Bus Socket.
         Starting LXD - unix socket.
[[0;32m  OK  [0m] Listening on Socket activation for snappy daemon.
[[0;32m  OK  [0m] Listening on LXD - unix socket.
[[0;32m  OK  [0m] Started iSCSI initiator daemon (iscsid).
         Starting Login to default iSCSI targets...
[[0;32m  OK  [0m] Reached target Sockets.
[[0;32m  OK  [0m] Reached target Basic System.
[[0;32m  OK  [0m] Started Deferred execution scheduler.
         Starting System Logging Service...
         Starting Virtualbox guest utils...
[[0;32m  OK  [0m] Started Regular background program processing daemon.
         Starting MySQL Community Server...
         Starting Accounts Service...
         Starting LXD - container startup/shutdown...
         Starting Login Service...
         Starting LSB: Record successful boot for GRUB...
[[0;32m  OK  [0m] Started D-Bus System Message Bus.
[[0;32m  OK  [0m] Started FUSE filesystem for LXC.
         Starting /etc/rc.local Compatibility...
[[0;32m  OK  [0m] Started ACPI event daemon.
         Starting OpenBSD Secure Shell server...
         Starting The PHP 7.0 FastCGI Process Manager...
         Starting Snappy daemon...
         Starting LSB: MD monitoring daemon...
[[0;32m  OK  [0m] Started System Logging Service.
[[0;32m  OK  [0m] Started /etc/rc.local Compatibility.
[[0;32m  OK  [0m] Started Login to default iSCSI targets.
[[0;32m  OK  [0m] Started LXD - container startup/shutdown.
[[0;32m  OK  [0m] Started OpenBSD Secure Shell server.
[[0;32m  OK  [0m] Started LSB: Record successful boot for GRUB.
[[0;32m  OK  [0m] Started LSB: MD monitoring daemon.
[[0;32m  OK  [0m] Started Login Service.
[[0;32m  OK  [0m] Started Unattended Upgrades Shutdown.
         Starting Authenticate and Authorize Users to Run Privileged Tasks...
[[0;32m  OK  [0m] Reached target Remote File Systems (Pre).
[[0;32m  OK  [0m] Reached target Remote File Systems.
         Starting LSB: Set the CPU Frequency Scaling governor to "ondemand"...
         Starting LSB: automatic crash report generation...
         Starting Permit User Sessions...
         Starting LSB: daemon to balance interrupts for SMP systems...
         Starting LSB: Apache2 web server...
[[0;32m  OK  [0m] Started Permit User Sessions.
         Starting Terminate Plymouth Boot Screen...
         Starting Hold until boot process finishes up...
[[0;32m  OK  [0m] Started Hold until boot process finishes up.
[[0;32m  OK  [0m] Started LSB: Set the CPU Frequency Scaling governor to "ondemand".
[[0;32m  OK  [0m] Started Terminate Plymouth Boot Screen.
[[0;32m  OK  [0m] Started Virtualbox guest utils.
[[0;32m  OK  [0m] Started Getty on tty1.
         Starting Set console scheme...
[[0;32m  OK  [0m] Started Serial Getty on ttyS0.
[[0;32m  OK  [0m] Reached target Login Prompts.
[[0;32m  OK  [0m] Started LSB: daemon to balance interrupts for SMP systems.
[[0;32m  OK  [0m] Started Set console scheme.
[[0;32m  OK  [0m] Started Authenticate and Authorize Users to Run Privileged Tasks.
[[0;32m  OK  [0m] Started Accounts Service.
[[0;32m  OK  [0m] Started LSB: automatic crash report generation.
[[0;32m  OK  [0m] Started Snappy daemon.
         Starting Wait until snapd is fully seeded...
[[0;32m  OK  [0m] Started The PHP 7.0 FastCGI Process Manager.
[[0;32m  OK  [0m] Started Wait until snapd is fully seeded.
         Starting Apply the settings specified in cloud-config...
[    9.820780] cloud-init[1293]: Cloud-init v. 19.1-1-gbaa47854-0ubuntu1~16.04.1 running 'modules:config' at Mon, 17 Jun 2019 01:20:37 +0000. Up 9.68 seconds.
[[0;32m  OK  [0m] Started Apply the settings specified in cloud-config.
[[0;32m  OK  [0m] Started MySQL Community Server.
[[0;32m  OK  [0m] Started LSB: Apache2 web server.
[[0;32m  OK  [0m] Reached target Multi-User System.
         Starting Execute cloud user/final scripts...
[[0;32m  OK  [0m] Reached target Graphical Interface.
         Starting Update UTMP about System Runlevel Changes...
[[0;32m  OK  [0m] Started Update UTMP about System Runlevel Changes.
[   10.753472] cloud-init[1355]: Cloud-init v. 19.1-1-gbaa47854-0ubuntu1~16.04.1 running 'modules:final' at Mon, 17 Jun 2019 01:20:38 +0000. Up 10.64 seconds.
[   10.758084] cloud-init[1355]: Cloud-init v. 19.1-1-gbaa47854-0ubuntu1~16.04.1 finished at Mon, 17 Jun 2019 01:20:38 +0000. Datasource DataSourceNoCloud [seed=/dev/sdb][dsmode=net].  Up 10.74 seconds
[[0;32m  OK  [0m] Started Execute cloud user/final scripts.
[[0;32m  OK  [0m] Reached target Cloud-init target.
         Starting Daily apt download activities...
[[0;32m  OK  [0m] Started Daily apt download activities.
         Starting Daily apt upgrade and clean activities...
[[0;32m  OK  [0m] Started Daily apt upgrade and clean activities.

Ubuntu 16.04.6 LTS ubuntu-xenial ttyS0

ubuntu-xenial login: 